eps= 1e-15
k  = 6.28319
k_x= 1.6295
d  = 0.5

r  =( -2.1,   0.3,-0.35)
--- normal summation ---
|l|=500000
qG    = 1.82601579334939e-01 +1.50883384844390e-01 I
dqG/dx= 2.07952118952965e-01 -3.19022301677477e-01 I
dqG/dy=-7.11346704913027e-01 +6.23070334815203e-01 I
dqG/dz= 8.29904489065198e-01 -7.26915390617734e-01 I
|l|=1000000
qG    = 1.82601623193121e-01 +1.50883384847081e-01 I
dqG/dx= 2.07949921235677e-01 -3.19022301686477e-01 I
dqG/dy=-7.11346704913029e-01 +6.23070334814862e-01 I
dqG/dz= 8.29904489065125e-01 -7.26915390617405e-01 I
--- Fourier domain summation ---
qG    = 1.82601452019215e-01 +1.50883384846742e-01 I,erc=13
dqG/dx= 2.07950092899608e-01 -3.19022301690984e-01 I
dqG/dy=-7.11346704913023e-01 +6.23070334814239e-01 I
dqG/dz= 8.29904489065193e-01 -7.26915390616612e-01 I
--- Ewald method ---
qG    = 1.82601452019215e-01 +1.50883384846742e-01 I,erc=14
dqG/dx= 2.07950092899613e-01 -3.19022301690983e-01 I
dqG/dy=-7.11346704913021e-01 +6.23070334814240e-01 I
dqG/dz= 8.29904489065192e-01 -7.26915390616614e-01 I
--- Auto ---
qG    = 1.82601452019215e-01 +1.50883384846742e-01 I,erc=13
dqG/dx= 2.07950092899608e-01 -3.19022301690984e-01 I
dqG/dy=-7.11346704913023e-01 +6.23070334814239e-01 I
dqG/dz= 8.29904489065193e-01 -7.26915390616612e-01 I
qG    = 1.82601452019215e-01 +1.50883384846742e-01 I,erc=11
dqG/dx= 2.07950092899608e-01 -3.19022301690984e-01 I,erc=13
dqG/dy=-7.11346704913023e-01 +6.23070334814239e-01 I
dqG/dz= 8.29904489065193e-01 -7.26915390616612e-01 I

r  =(  0.1,  0.04, 0.01)
--- normal summation ---
|l|=500000
qG    = 4.88486004002375e-01 +5.15873981750350e-01 I
dqG/dx=-6.20073178735034e+00 +7.06489798780211e-02 I
dqG/dy=-3.08091218971300e+00 -3.21791399795328e-01 I
dqG/dz=-7.70228047428250e-01 -8.04478499488319e-02 I
|l|=1000000
qG    = 4.88485684897075e-01 +5.15873981750297e-01 I
dqG/dx=-6.20073272856415e+00 +7.06489798786067e-02 I
dqG/dy=-3.08091218971298e+00 -3.21791399795640e-01 I
dqG/dz=-7.70228047428245e-01 -8.04478499489101e-02 I
--- Fourier domain summation ---
qG    = 4.88485657985412e-01 +5.15873981750357e-01 I,erc=153
dqG/dx=-6.20073165263923e+00 +7.06489798789152e-02 I
dqG/dy=-3.08091218971297e+00 -3.21791399795706e-01 I
dqG/dz=-7.70228047428242e-01 -8.04478499489266e-02 I
--- Ewald method ---
qG    = 4.88485657985412e-01 +5.15873981750357e-01 I,erc=14
dqG/dx=-6.20073165263924e+00 +7.06489798789161e-02 I
dqG/dy=-3.08091218971296e+00 -3.21791399795706e-01 I
dqG/dz=-7.70228047428240e-01 -8.04478499489265e-02 I
--- Auto ---
qG    = 4.88485657985412e-01 +5.15873981750357e-01 I,erc=14
dqG/dx=-6.20073165263924e+00 +7.06489798789161e-02 I
dqG/dy=-3.08091218971296e+00 -3.21791399795706e-01 I
dqG/dz=-7.70228047428240e-01 -8.04478499489265e-02 I
qG    = 4.88485657985412e-01 +5.15873981750357e-01 I,erc=14
dqG/dx=-6.20073165263924e+00 +7.06489798789161e-02 I,erc=14
dqG/dy=-3.08091218971296e+00 -3.21791399795706e-01 I
dqG/dz=-7.70228047428240e-01 -8.04478499489265e-02 I
